This file contains any messages produced by compilers while
running configure, to aid debugging if configure makes a mistake.

It was created by Valgrind configure 3.9.0, which was
generated by GNU Autoconf 2.68.  Invocation command line was

  $ ./configure --prefix=/Users/kollektiv/c_lang/rio/lib/valgrind

## --------- ##
## Platform. ##
## --------- ##

hostname = kollektiv-2.local
uname -m = x86_64
uname -r = 13.1.0
uname -s = Darwin
uname -v = Darwin Kernel Version 13.1.0: Thu Jan 16 19:40:37 PST 2014; root:xnu-2422.90.20~2/RELEASE_X86_64

/usr/bin/uname -p = i386
/bin/uname -X     = unknown

/bin/arch              = unknown
/usr/bin/arch -k       = unknown
/usr/convex/getsysinfo = unknown
/usr/bin/hostinfo      = Mach kernel version:
	 Darwin Kernel Version 13.1.0: Thu Jan 16 19:40:37 PST 2014; root:xnu-2422.90.20~2/RELEASE_X86_64
Kernel configured for up to 8 processors.
4 processors are physically available.
8 processors are logically available.
Processor type: i486 (Intel 80486)
Processors active: 0 1 2 3 4 5 6 7
Primary memory available: 8.00 gigabytes
Default processor set: 213 tasks, 1028 threads, 8 processors
Load average: 1.43, Mach factor: 6.56
/bin/machine           = unknown
/usr/bin/oslevel       = unknown
/bin/universe          = unknown

PATH: /usr/bin
PATH: /bin
PATH: /usr/sbin
PATH: /sbin
PATH: /usr/local/bin
PATH: /usr/local/git/bin
PATH: /opt/ImageMagick/bin
PATH: /usr/texbin
PATH: /Users/kollektiv/Downloads/AWS-ElasticBeanstalk-CLI-2.5.0/eb/macosx/python2.7/


## ----------- ##
## Core tests. ##
## ----------- ##

configure:2596: checking for a BSD-compatible install
configure:2664: result: /usr/bin/install -c
configure:2675: checking whether build environment is sane
configure:2725: result: yes
configure:2866: checking for a thread-safe mkdir -p
configure:2905: result: ./install-sh -c -d
configure:2918: checking for gawk
configure:2948: result: no
configure:2918: checking for mawk
configure:2948: result: no
configure:2918: checking for nawk
configure:2948: result: no
configure:2918: checking for awk
configure:2934: found /usr/bin/awk
configure:2945: result: awk
configure:2956: checking whether make sets $(MAKE)
configure:2978: result: yes
configure:3060: checking whether to enable maintainer-specific portions of Makefiles
configure:3069: result: no
configure:3089: checking whether ln -s works
configure:3093: result: yes
configure:3148: checking for gcc
configure:3164: found /usr/bin/gcc
configure:3175: result: gcc
configure:3404: checking for C compiler version
configure:3413: gcc --version >&5
Apple LLVM version 5.1 (clang-503.0.40) (based on LLVM 3.4svn)
Target: x86_64-apple-darwin13.1.0
Thread model: posix
Configured with: --prefix=/Applications/Xcode.app/Contents/Developer/usr --with-gxx-include-dir=/usr/include/c++/4.2.1
configure:3424: $? = 0
configure:3413: gcc -v >&5
Configured with: --prefix=/Applications/Xcode.app/Contents/Developer/usr --with-gxx-include-dir=/usr/include/c++/4.2.1
Apple LLVM version 5.1 (clang-503.0.40) (based on LLVM 3.4svn)
Target: x86_64-apple-darwin13.1.0
Thread model: posix
configure:3424: $? = 0
configure:3413: gcc -V >&5
clang: error: argument to '-V' is missing (expected 1 value)
clang: error: no input files
configure:3424: $? = 1
configure:3413: gcc -qversion >&5
clang: error: unknown argument: '-qversion' [-Wunused-command-line-argument-hard-error-in-future]
clang: note: this will be a hard error (cannot be downgraded to a warning) in the future
clang: error: no input files
configure:3424: $? = 1
configure:3444: checking whether the C compiler works
configure:3466: gcc -Wno-long-long    conftest.c  >&5
configure:3470: $? = 0
configure:3518: result: yes
configure:3521: checking for C compiler default output file name
configure:3523: result: a.out
configure:3529: checking for suffix of executables
configure:3536: gcc -o conftest -Wno-long-long    conftest.c  >&5
configure:3540: $? = 0
configure:3562: result: 
configure:3584: checking whether we are cross compiling
configure:3592: gcc -o conftest -Wno-long-long    conftest.c  >&5
configure:3596: $? = 0
configure:3603: ./conftest
configure:3607: $? = 0
configure:3622: result: no
configure:3627: checking for suffix of object files
configure:3649: gcc -c -Wno-long-long   conftest.c >&5
configure:3653: $? = 0
configure:3674: result: o
configure:3678: checking whether we are using the GNU C compiler
configure:3697: gcc -c -Wno-long-long   conftest.c >&5
configure:3697: $? = 0
configure:3706: result: yes
configure:3715: checking whether gcc accepts -g
configure:3735: gcc -c -g  conftest.c >&5
configure:3735: $? = 0
configure:3776: result: yes
configure:3793: checking for gcc option to accept ISO C89
configure:3857: gcc  -c -Wno-long-long   conftest.c >&5
configure:3857: $? = 0
configure:3870: result: none needed
configure:3901: checking for style of include used by make
configure:3929: result: GNU
configure:3955: checking dependency style of gcc
configure:4066: result: gcc3
configure:4082: checking whether gcc and cc understand -c and -o together
configure:4113: gcc -c conftest.c -o conftest2.o >&5
configure:4117: $? = 0
configure:4123: gcc -c conftest.c -o conftest2.o >&5
configure:4127: $? = 0
configure:4138: cc -c conftest.c >&5
configure:4142: $? = 0
configure:4150: cc -c conftest.c -o conftest2.o >&5
configure:4154: $? = 0
configure:4160: cc -c conftest.c -o conftest2.o >&5
configure:4164: $? = 0
configure:4182: result: yes
configure:4212: checking how to run the C preprocessor
configure:4243: gcc -E  conftest.c
configure:4243: $? = 0
configure:4257: gcc -E  conftest.c
conftest.c:11:10: fatal error: 'ac_nonexistent.h' file not found
#include <ac_nonexistent.h>
         ^
1 error generated.
configure:4257: $? = 1
configure: failed program was:
| /* confdefs.h */
| #define PACKAGE_NAME "Valgrind"
| #define PACKAGE_TARNAME "valgrind"
| #define PACKAGE_VERSION "3.9.0"
| #define PACKAGE_STRING "Valgrind 3.9.0"
| #define PACKAGE_BUGREPORT "valgrind-users@lists.sourceforge.net"
| #define PACKAGE_URL ""
| #define PACKAGE "valgrind"
| #define VERSION "3.9.0"
| /* end confdefs.h.  */
| #include <ac_nonexistent.h>
configure:4282: result: gcc -E
configure:4302: gcc -E  conftest.c
configure:4302: $? = 0
configure:4316: gcc -E  conftest.c
conftest.c:11:10: fatal error: 'ac_nonexistent.h' file not found
#include <ac_nonexistent.h>
         ^
1 error generated.
configure:4316: $? = 1
configure: failed program was:
| /* confdefs.h */
| #define PACKAGE_NAME "Valgrind"
| #define PACKAGE_TARNAME "valgrind"
| #define PACKAGE_VERSION "3.9.0"
| #define PACKAGE_STRING "Valgrind 3.9.0"
| #define PACKAGE_BUGREPORT "valgrind-users@lists.sourceforge.net"
| #define PACKAGE_URL ""
| #define PACKAGE "valgrind"
| #define VERSION "3.9.0"
| /* end confdefs.h.  */
| #include <ac_nonexistent.h>
configure:4402: checking for g++
configure:4418: found /usr/bin/g++
configure:4429: result: g++
configure:4456: checking for C++ compiler version
configure:4465: g++ --version >&5
Apple LLVM version 5.1 (clang-503.0.40) (based on LLVM 3.4svn)
Target: x86_64-apple-darwin13.1.0
Thread model: posix
Configured with: --prefix=/Applications/Xcode.app/Contents/Developer/usr --with-gxx-include-dir=/usr/include/c++/4.2.1
configure:4476: $? = 0
configure:4465: g++ -v >&5
Configured with: --prefix=/Applications/Xcode.app/Contents/Developer/usr --with-gxx-include-dir=/usr/include/c++/4.2.1
Apple LLVM version 5.1 (clang-503.0.40) (based on LLVM 3.4svn)
Target: x86_64-apple-darwin13.1.0
Thread model: posix
configure:4476: $? = 0
configure:4465: g++ -V >&5
clang: error: argument to '-V' is missing (expected 1 value)
clang: error: no input files
configure:4476: $? = 1
configure:4465: g++ -qversion >&5
clang: error: unknown argument: '-qversion' [-Wunused-command-line-argument-hard-error-in-future]
clang: note: this will be a hard error (cannot be downgraded to a warning) in the future
clang: error: no input files
configure:4476: $? = 1
configure:4480: checking whether we are using the GNU C++ compiler
configure:4499: g++ -c -Wno-long-long   conftest.cpp >&5
configure:4499: $? = 0
configure:4508: result: yes
configure:4517: checking whether g++ accepts -g
configure:4537: g++ -c -g  conftest.cpp >&5
configure:4537: $? = 0
configure:4578: result: yes
configure:4603: checking dependency style of g++
configure:4714: result: gcc3
configure:4785: checking for ranlib
configure:4801: found /usr/bin/ranlib
configure:4812: result: ranlib
configure:4837: checking for a sed that does not truncate output
configure:4901: result: /usr/bin/sed
configure:4914: checking for ar
configure:4932: found /usr/bin/ar
configure:4944: result: /usr/bin/ar
configure:4967: checking for perl
configure:4985: found /usr/bin/perl
configure:4997: result: /usr/bin/perl
configure:5009: checking for gdb
configure:5040: result: /no/gdb/was/found/at/configure/time
configure:5064: checking dependency style of gcc
configure:5173: result: gcc3
configure:5192: checking for diff -u
configure:5200: result: yes
configure:5212: checking for a supported version of gcc
configure:5260: result: ok (4.2.1)
configure:5286: checking build system type
configure:5300: result: x86_64-apple-darwin13.1.0
configure:5320: checking host system type
configure:5333: result: x86_64-apple-darwin13.1.0
configure:5354: checking for a supported CPU
configure:5369: result: ok (x86_64)
configure:5446: checking for a 64-bit only build
configure:5459: result: no
configure:5463: checking for a 32-bit only build
configure:5476: result: no
configure:5489: checking for a supported OS
configure:5534: result: ok (darwin13.1.0)
configure:5550: checking for the kernel version
configure:5608: result: unsupported (13.1.0)
configure:5610: error: Valgrind works on Darwin 10.x and 11.x (Mac OS X 10.6/7)

## ---------------- ##
## Cache variables. ##
## ---------------- ##

ac_cv_build=x86_64-apple-darwin13.1.0
ac_cv_c_compiler_gnu=yes
ac_cv_cxx_compiler_gnu=yes
ac_cv_env_AR_set=
ac_cv_env_AR_value=
ac_cv_env_CCASFLAGS_set=
ac_cv_env_CCASFLAGS_value=
ac_cv_env_CCAS_set=
ac_cv_env_CCAS_value=
ac_cv_env_CCC_set=
ac_cv_env_CCC_value=
ac_cv_env_CC_set=
ac_cv_env_CC_value=
ac_cv_env_CFLAGS_set=
ac_cv_env_CFLAGS_value=
ac_cv_env_CPPFLAGS_set=
ac_cv_env_CPPFLAGS_value=
ac_cv_env_CPP_set=
ac_cv_env_CPP_value=
ac_cv_env_CXXFLAGS_set=
ac_cv_env_CXXFLAGS_value=
ac_cv_env_CXX_set=
ac_cv_env_CXX_value=
ac_cv_env_LDFLAGS_set=
ac_cv_env_LDFLAGS_value=
ac_cv_env_LIBS_set=
ac_cv_env_LIBS_value=
ac_cv_env_build_alias_set=
ac_cv_env_build_alias_value=
ac_cv_env_host_alias_set=
ac_cv_env_host_alias_value=
ac_cv_env_target_alias_set=
ac_cv_env_target_alias_value=
ac_cv_host=x86_64-apple-darwin13.1.0
ac_cv_objext=o
ac_cv_path_AR=/usr/bin/ar
ac_cv_path_GDB=/no/gdb/was/found/at/configure/time
ac_cv_path_PERL=/usr/bin/perl
ac_cv_path_SED=/usr/bin/sed
ac_cv_path_install='/usr/bin/install -c'
ac_cv_prog_AWK=awk
ac_cv_prog_CPP='gcc -E'
ac_cv_prog_ac_ct_CC=gcc
ac_cv_prog_ac_ct_CXX=g++
ac_cv_prog_ac_ct_RANLIB=ranlib
ac_cv_prog_cc_c89=
ac_cv_prog_cc_g=yes
ac_cv_prog_cc_gcc_c_o=yes
ac_cv_prog_cxx_g=yes
ac_cv_prog_make_make_set=yes
am_cv_CCAS_dependencies_compiler_type=gcc3
am_cv_CC_dependencies_compiler_type=gcc3
am_cv_CXX_dependencies_compiler_type=gcc3
vg_cv_only32bit=no
vg_cv_only64bit=no

## ----------------- ##
## Output variables. ##
## ----------------- ##

ACLOCAL='${SHELL} /Users/kollektiv/c_lang/rio/lib/valgrind/missing --run aclocal-1.11'
AMDEPBACKSLASH='\'
AMDEP_FALSE='#'
AMDEP_TRUE=''
AMTAR='$${TAR-tar}'
AR='/usr/bin/ar'
AUTOCONF='${SHELL} /Users/kollektiv/c_lang/rio/lib/valgrind/missing --run autoconf'
AUTOHEADER='${SHELL} /Users/kollektiv/c_lang/rio/lib/valgrind/missing --run autoheader'
AUTOMAKE='${SHELL} /Users/kollektiv/c_lang/rio/lib/valgrind/missing --run automake-1.11'
AWK='awk'
BOOST_CFLAGS=''
BOOST_LIBS=''
BUILD_ADDR32_TESTS_FALSE=''
BUILD_ADDR32_TESTS_TRUE=''
BUILD_AVX2_TESTS_FALSE=''
BUILD_AVX2_TESTS_TRUE=''
BUILD_AVX_TESTS_FALSE=''
BUILD_AVX_TESTS_TRUE=''
BUILD_BMI_TESTS_FALSE=''
BUILD_BMI_TESTS_TRUE=''
BUILD_DFP_TESTS_FALSE=''
BUILD_DFP_TESTS_TRUE=''
BUILD_FMA_TESTS_FALSE=''
BUILD_FMA_TESTS_TRUE=''
BUILD_IFUNC_TESTS_FALSE=''
BUILD_IFUNC_TESTS_TRUE=''
BUILD_LOOPNEL_TESTS_FALSE=''
BUILD_LOOPNEL_TESTS_TRUE=''
BUILD_LZCNT_TESTS_FALSE=''
BUILD_LZCNT_TESTS_TRUE=''
BUILD_MOVBE_TESTS_FALSE=''
BUILD_MOVBE_TESTS_TRUE=''
BUILD_MPIWRAP_PRI_FALSE=''
BUILD_MPIWRAP_PRI_TRUE=''
BUILD_MPIWRAP_SEC_FALSE=''
BUILD_MPIWRAP_SEC_TRUE=''
BUILD_PCLMULQDQ_TESTS_FALSE=''
BUILD_PCLMULQDQ_TESTS_TRUE=''
BUILD_SSE3_TESTS_FALSE=''
BUILD_SSE3_TESTS_TRUE=''
BUILD_SSE42_TESTS_FALSE=''
BUILD_SSE42_TESTS_TRUE=''
BUILD_SSSE3_TESTS_FALSE=''
BUILD_SSSE3_TESTS_TRUE=''
BUILD_TSX_TESTS_FALSE=''
BUILD_TSX_TESTS_TRUE=''
BUILD_VPCLMULQDQ_TESTS_FALSE=''
BUILD_VPCLMULQDQ_TESTS_TRUE=''
CC='gcc'
CCAS='gcc'
CCASDEPMODE='depmode=gcc3'
CCASFLAGS='-Wno-long-long '
CCDEPMODE='depmode=gcc3'
CFLAGS='-Wno-long-long '
CFLAGS_MPI=''
COMPILER_IS_CLANG_FALSE=''
COMPILER_IS_CLANG_TRUE='#'
CPP='gcc -E'
CPPFLAGS=''
CXX='g++'
CXXDEPMODE='depmode=gcc3'
CXXFLAGS='-Wno-long-long '
CXX_CAN_INCLUDE_THREAD_HEADER_FALSE=''
CXX_CAN_INCLUDE_THREAD_HEADER_TRUE=''
CYGPATH_W='echo'
DEFAULT_SUPP=''
DEFS=''
DEPDIR='.deps'
DIFF='diff -u'
DWARF4_FALSE=''
DWARF4_TRUE=''
ECHO_C='\c'
ECHO_N=''
ECHO_T=''
EGREP=''
ENABLE_LINUX_TICKET_LOCK_PRIMARY_FALSE=''
ENABLE_LINUX_TICKET_LOCK_PRIMARY_TRUE=''
ENABLE_LINUX_TICKET_LOCK_SECONDARY_FALSE=''
ENABLE_LINUX_TICKET_LOCK_SECONDARY_TRUE=''
EXEEXT=''
FLAG_FNO_STACK_PROTECTOR=''
FLAG_M32=''
FLAG_M64=''
FLAG_MMMX=''
FLAG_MSSE=''
FLAG_NO_BUILD_ID=''
FLAG_T_TEXT=''
FLAG_UNLIMITED_INLINE_UNIT_GROWTH=''
FLAG_W_EXTRA=''
FLAG_W_NO_EMPTY_BODY=''
FLAG_W_NO_FORMAT_ZERO_LENGTH=''
FLAG_W_NO_NONNULL=''
FLAG_W_NO_OVERFLOW=''
FLAG_W_NO_UNINITIALIZED=''
GDB='/no/gdb/was/found/at/configure/time'
GLIBC_VERSION=''
GREP=''
HAS_ALTIVEC_FALSE=''
HAS_ALTIVEC_TRUE=''
HAS_DFP_FALSE=''
HAS_DFP_TRUE=''
HAS_ISA_2_07_FALSE=''
HAS_ISA_2_07_TRUE=''
HAS_POINTER_SIGN_WARNING_FALSE=''
HAS_POINTER_SIGN_WARNING_TRUE=''
HAS_VSX_FALSE=''
HAS_VSX_TRUE=''
HAS_WRITE_STRINGS_WARNING_FALSE=''
HAS_WRITE_STRINGS_WARNING_TRUE=''
HAVE_ASM_CONSTRAINT_P_FALSE=''
HAVE_ASM_CONSTRAINT_P_TRUE=''
HAVE_AT_FDCWD_FALSE=''
HAVE_AT_FDCWD_TRUE=''
HAVE_BOOST_1_35_FALSE=''
HAVE_BOOST_1_35_TRUE=''
HAVE_BUILTIN_ATOMIC64_FALSE=''
HAVE_BUILTIN_ATOMIC64_TRUE=''
HAVE_BUILTIN_ATOMIC_CXX_FALSE=''
HAVE_BUILTIN_ATOMIC_CXX_TRUE=''
HAVE_BUILTIN_ATOMIC_FALSE=''
HAVE_BUILTIN_ATOMIC_SECONDARY_FALSE=''
HAVE_BUILTIN_ATOMIC_SECONDARY_TRUE=''
HAVE_BUILTIN_ATOMIC_TRUE=''
HAVE_GNU_STPNCPY_FALSE=''
HAVE_GNU_STPNCPY_TRUE=''
HAVE_GSTABS_FALSE=''
HAVE_GSTABS_TRUE=''
HAVE_NESTED_FUNCTIONS_FALSE=''
HAVE_NESTED_FUNCTIONS_TRUE=''
HAVE_OPENMP_FALSE=''
HAVE_OPENMP_TRUE=''
HAVE_PTHREAD_BARRIER_FALSE=''
HAVE_PTHREAD_BARRIER_TRUE=''
HAVE_PTHREAD_CREATE_GLIBC_2_0_FALSE=''
HAVE_PTHREAD_CREATE_GLIBC_2_0_TRUE=''
HAVE_PTHREAD_MUTEX_TIMEDLOCK_FALSE=''
HAVE_PTHREAD_MUTEX_TIMEDLOCK_TRUE=''
HAVE_PTHREAD_SETNAME_NP_FALSE=''
HAVE_PTHREAD_SETNAME_NP_TRUE=''
HAVE_PTHREAD_SPINLOCK_FALSE=''
HAVE_PTHREAD_SPINLOCK_TRUE=''
HAVE_SHARED_POINTER_ANNOTATION_FALSE=''
HAVE_SHARED_POINTER_ANNOTATION_TRUE=''
INSTALL_DATA='${INSTALL} -m 644'
INSTALL_PROGRAM='${INSTALL}'
INSTALL_SCRIPT='${INSTALL}'
INSTALL_STRIP_PROGRAM='$(install_sh) -c -s'
LDFLAGS=''
LDFLAGS_MPI=''
LIBOBJS=''
LIBS=''
LN_S='ln -s'
LTLIBOBJS=''
MAINT='#'
MAINTAINER_MODE_FALSE=''
MAINTAINER_MODE_TRUE='#'
MAKEINFO='${SHELL} /Users/kollektiv/c_lang/rio/lib/valgrind/missing --run makeinfo'
MKDIR_P='./install-sh -c -d'
MPI_CC=''
OBJEXT='o'
PACKAGE='valgrind'
PACKAGE_BUGREPORT='valgrind-users@lists.sourceforge.net'
PACKAGE_NAME='Valgrind'
PACKAGE_STRING='Valgrind 3.9.0'
PACKAGE_TARNAME='valgrind'
PACKAGE_URL=''
PACKAGE_VERSION='3.9.0'
PATH_SEPARATOR=':'
PERL='/usr/bin/perl'
PREFERRED_STACK_BOUNDARY=''
RANLIB='ranlib'
SED='/usr/bin/sed'
SET_MAKE=''
SHELL='/bin/sh'
STRIP=''
VALT_LOAD_ADDRESS_PRI=''
VALT_LOAD_ADDRESS_SEC=''
VERSION='3.9.0'
VGCONF_ARCHS_INCLUDE_AMD64_FALSE=''
VGCONF_ARCHS_INCLUDE_AMD64_TRUE=''
VGCONF_ARCHS_INCLUDE_ARM_FALSE=''
VGCONF_ARCHS_INCLUDE_ARM_TRUE=''
VGCONF_ARCHS_INCLUDE_MIPS32_FALSE=''
VGCONF_ARCHS_INCLUDE_MIPS32_TRUE=''
VGCONF_ARCHS_INCLUDE_MIPS64_FALSE=''
VGCONF_ARCHS_INCLUDE_MIPS64_TRUE=''
VGCONF_ARCHS_INCLUDE_PPC32_FALSE=''
VGCONF_ARCHS_INCLUDE_PPC32_TRUE=''
VGCONF_ARCHS_INCLUDE_PPC64_FALSE=''
VGCONF_ARCHS_INCLUDE_PPC64_TRUE=''
VGCONF_ARCHS_INCLUDE_S390X_FALSE=''
VGCONF_ARCHS_INCLUDE_S390X_TRUE=''
VGCONF_ARCHS_INCLUDE_X86_FALSE=''
VGCONF_ARCHS_INCLUDE_X86_TRUE=''
VGCONF_ARCH_PRI=''
VGCONF_ARCH_SEC=''
VGCONF_HAVE_PLATFORM_SEC_FALSE=''
VGCONF_HAVE_PLATFORM_SEC_TRUE=''
VGCONF_OS='darwin'
VGCONF_OS_IS_DARWIN_FALSE=''
VGCONF_OS_IS_DARWIN_TRUE=''
VGCONF_OS_IS_LINUX_FALSE=''
VGCONF_OS_IS_LINUX_TRUE=''
VGCONF_PLATFORMS_INCLUDE_AMD64_DARWIN_FALSE=''
VGCONF_PLATFORMS_INCLUDE_AMD64_DARWIN_TRUE=''
VGCONF_PLATFORMS_INCLUDE_AMD64_LINUX_FALSE=''
VGCONF_PLATFORMS_INCLUDE_AMD64_LINUX_TRUE=''
VGCONF_PLATFORMS_INCLUDE_ARM_LINUX_FALSE=''
VGCONF_PLATFORMS_INCLUDE_ARM_LINUX_TRUE=''
VGCONF_PLATFORMS_INCLUDE_MIPS32_LINUX_FALSE=''
VGCONF_PLATFORMS_INCLUDE_MIPS32_LINUX_TRUE=''
VGCONF_PLATFORMS_INCLUDE_MIPS64_LINUX_FALSE=''
VGCONF_PLATFORMS_INCLUDE_MIPS64_LINUX_TRUE=''
VGCONF_PLATFORMS_INCLUDE_PPC32_LINUX_FALSE=''
VGCONF_PLATFORMS_INCLUDE_PPC32_LINUX_TRUE=''
VGCONF_PLATFORMS_INCLUDE_PPC64_LINUX_FALSE=''
VGCONF_PLATFORMS_INCLUDE_PPC64_LINUX_TRUE=''
VGCONF_PLATFORMS_INCLUDE_S390X_LINUX_FALSE=''
VGCONF_PLATFORMS_INCLUDE_S390X_LINUX_TRUE=''
VGCONF_PLATFORMS_INCLUDE_X86_DARWIN_FALSE=''
VGCONF_PLATFORMS_INCLUDE_X86_DARWIN_TRUE=''
VGCONF_PLATFORMS_INCLUDE_X86_LINUX_FALSE=''
VGCONF_PLATFORMS_INCLUDE_X86_LINUX_TRUE=''
VGCONF_PLATFORM_PRI_CAPS=''
VGCONF_PLATFORM_SEC_CAPS=''
VGCONF_PLATVARIANT=''
VGCONF_PLATVARIANT_IS_ANDROID_FALSE=''
VGCONF_PLATVARIANT_IS_ANDROID_TRUE=''
VGCONF_PLATVARIANT_IS_VANILLA_FALSE=''
VGCONF_PLATVARIANT_IS_VANILLA_TRUE=''
ac_ct_CC='gcc'
ac_ct_CXX='g++'
am__EXEEXT_FALSE=''
am__EXEEXT_TRUE=''
am__fastdepCCAS_FALSE='#'
am__fastdepCCAS_TRUE=''
am__fastdepCC_FALSE='#'
am__fastdepCC_TRUE=''
am__fastdepCXX_FALSE='#'
am__fastdepCXX_TRUE=''
am__include='include'
am__isrc=''
am__leading_dot='.'
am__nodep='_no'
am__quote=''
am__tar='$${TAR-tar} chof - "$$tardir"'
am__untar='$${TAR-tar} xf -'
bindir='${exec_prefix}/bin'
build='x86_64-apple-darwin13.1.0'
build_alias=''
build_cpu='x86_64'
build_os='darwin13.1.0'
build_vendor='apple'
datadir='${datarootdir}'
datarootdir='${prefix}/share'
docdir='${datarootdir}/doc/${PACKAGE_TARNAME}'
dvidir='${docdir}'
exec_prefix='NONE'
host='x86_64-apple-darwin13.1.0'
host_alias=''
host_cpu='x86_64'
host_os='darwin13.1.0'
host_vendor='apple'
htmldir='${docdir}'
includedir='${prefix}/include'
infodir='${datarootdir}/info'
install_sh='${SHELL} /Users/kollektiv/c_lang/rio/lib/valgrind/install-sh'
libdir='${exec_prefix}/lib'
libexecdir='${exec_prefix}/libexec'
localedir='${datarootdir}/locale'
localstatedir='${prefix}/var'
mandir='${datarootdir}/man'
mkdir_p='$(top_builddir)/./install-sh -c -d'
oldincludedir='/usr/include'
pdfdir='${docdir}'
prefix='/Users/kollektiv/c_lang/rio/lib/valgrind'
program_transform_name='s,x,x,'
psdir='${docdir}'
sbindir='${exec_prefix}/sbin'
sharedstatedir='${prefix}/com'
sysconfdir='${prefix}/etc'
target_alias=''

## ----------- ##
## confdefs.h. ##
## ----------- ##

/* confdefs.h */
#define PACKAGE_NAME "Valgrind"
#define PACKAGE_TARNAME "valgrind"
#define PACKAGE_VERSION "3.9.0"
#define PACKAGE_STRING "Valgrind 3.9.0"
#define PACKAGE_BUGREPORT "valgrind-users@lists.sourceforge.net"
#define PACKAGE_URL ""
#define PACKAGE "valgrind"
#define VERSION "3.9.0"
#define GDB_PATH "/no/gdb/was/found/at/configure/time"
#define DARWIN_10_5 100500
#define DARWIN_10_6 100600
#define DARWIN_10_7 100700
#define DARWIN_10_8 100800

configure: exit 1
